gyp info it worked if it ends with ok
gyp info using node-gyp@10.1.0
gyp info using node@20.17.0 | darwin | arm64
gyp info find Python using Python version 3.13.0 found at "/opt/homebrew/opt/python@3.13/bin/python3.13"

gyp info spawn /opt/homebrew/opt/python@3.13/bin/python3.13
gyp info spawn args [
gyp info spawn args '/Users/yohei_tarutani/.nvm/versions/node/v20.17.0/lib/node_modules/npm/node_modules/node-gyp/gyp/gyp_main.py',
gyp info spawn args 'binding.gyp',
gyp info spawn args '-f',
gyp info spawn args 'make',
gyp info spawn args '-I',
gyp info spawn args '/Users/yohei_tarutani/Desktop/WesBos-JS30/21 - Geolocation/node_modules/uws/build/config.gypi',
gyp info spawn args '-I',
gyp info spawn args '/Users/yohei_tarutani/.nvm/versions/node/v20.17.0/lib/node_modules/npm/node_modules/node-gyp/addon.gypi',
gyp info spawn args '-I',
gyp info spawn args '/Users/yohei_tarutani/Library/Caches/node-gyp/20.17.0/include/node/common.gypi',
gyp info spawn args '-Dlibrary=shared_library',
gyp info spawn args '-Dvisibility=default',
gyp info spawn args '-Dnode_root_dir=/Users/yohei_tarutani/Library/Caches/node-gyp/20.17.0',
gyp info spawn args '-Dnode_gyp_dir=/Users/yohei_tarutani/.nvm/versions/node/v20.17.0/lib/node_modules/npm/node_modules/node-gyp',
gyp info spawn args '-Dnode_lib_file=/Users/yohei_tarutani/Library/Caches/node-gyp/20.17.0/<(target_arch)/node.lib',
gyp info spawn args '-Dmodule_root_dir=/Users/yohei_tarutani/Desktop/WesBos-JS30/21 - Geolocation/node_modules/uws',
gyp info spawn args '-Dnode_engine=v8',
gyp info spawn args '--depth=.',
gyp info spawn args '--no-parallel',
gyp info spawn args '--generator-output',
gyp info spawn args 'build',
gyp info spawn args '-Goutput_dir=.'
gyp info spawn args ]
gyp info spawn make
gyp info spawn args [ 'BUILDTYPE=Release', '-C', 'build' ]
  CXX(target) Release/obj.target/uws/src/Extensions.o
  CXX(target) Release/obj.target/uws/src/Group.o
In file included from ../src/Group.cpp:1:
In file included from ../src/Group.h:5:
../src/HTTPSocket.h:207:63: warning: 'sprintf' is deprecated: This function is provided for compatibility reasons only.  Due to security concerns inherent in the design of sprintf(3), it is highly recommended that you use snprintf(3) instead. [-Wdeprecated-declarations]
  207 |                 int offset = transformData.hasHead ? 0 : std::sprintf(dst, "HTTP/1.1 200 OK\r\nContent-Length: %u\r\n\r\n", (unsigned int) length);
      |                                                               ^
/Applications/Xcode.app/Contents/Developer/Platforms/MacOSX.platform/Developer/SDKs/MacOSX.sdk/usr/include/_stdio.h:274:1: note: 'sprintf' has been explicitly marked deprecated here
  274 | __deprecated_msg("This function is provided for compatibility reasons only.  Due to security concerns inherent in the design of sprintf(3), it is highly recommended that you use snprintf(3) instead.")
      | ^
/Applications/Xcode.app/Contents/Developer/Platforms/MacOSX.platform/Developer/SDKs/MacOSX.sdk/usr/include/sys/cdefs.h:218:48: note: expanded from macro '__deprecated_msg'
  218 |         #define __deprecated_msg(_msg) __attribute__((__deprecated__(_msg)))
      |                                                       ^
1 warning generated.
  CXX(target) Release/obj.target/uws/src/Networking.o
  CXX(target) Release/obj.target/uws/src/Hub.o
In file included from ../src/Hub.cpp:1:
In file included from ../src/Hub.h:4:
In file included from ../src/Group.h:5:
../src/HTTPSocket.h:207:63: warning: 'sprintf' is deprecated: This function is provided for compatibility reasons only.  Due to security concerns inherent in the design of sprintf(3), it is highly recommended that you use snprintf(3) instead. [-Wdeprecated-declarations]
  207 |                 int offset = transformData.hasHead ? 0 : std::sprintf(dst, "HTTP/1.1 200 OK\r\nContent-Length: %u\r\n\r\n", (unsigned int) length);
      |                                                               ^
/Applications/Xcode.app/Contents/Developer/Platforms/MacOSX.platform/Developer/SDKs/MacOSX.sdk/usr/include/_stdio.h:274:1: note: 'sprintf' has been explicitly marked deprecated here
  274 | __deprecated_msg("This function is provided for compatibility reasons only.  Due to security concerns inherent in the design of sprintf(3), it is highly recommended that you use snprintf(3) instead.")
      | ^
/Applications/Xcode.app/Contents/Developer/Platforms/MacOSX.platform/Developer/SDKs/MacOSX.sdk/usr/include/sys/cdefs.h:218:48: note: expanded from macro '__deprecated_msg'
  218 |         #define __deprecated_msg(_msg) __attribute__((__deprecated__(_msg)))
      |                                                       ^
1 warning generated.
  CXX(target) Release/obj.target/uws/src/Node.o
  CXX(target) Release/obj.target/uws/src/WebSocket.o
In file included from ../src/WebSocket.cpp:2:
In file included from ../src/Group.h:5:
../src/HTTPSocket.h:207:63: warning: 'sprintf' is deprecated: This function is provided for compatibility reasons only.  Due to security concerns inherent in the design of sprintf(3), it is highly recommended that you use snprintf(3) instead. [-Wdeprecated-declarations]
  207 |                 int offset = transformData.hasHead ? 0 : std::sprintf(dst, "HTTP/1.1 200 OK\r\nContent-Length: %u\r\n\r\n", (unsigned int) length);
      |                                                               ^
/Applications/Xcode.app/Contents/Developer/Platforms/MacOSX.platform/Developer/SDKs/MacOSX.sdk/usr/include/_stdio.h:274:1: note: 'sprintf' has been explicitly marked deprecated here
  274 | __deprecated_msg("This function is provided for compatibility reasons only.  Due to security concerns inherent in the design of sprintf(3), it is highly recommended that you use snprintf(3) instead.")
      | ^
/Applications/Xcode.app/Contents/Developer/Platforms/MacOSX.platform/Developer/SDKs/MacOSX.sdk/usr/include/sys/cdefs.h:218:48: note: expanded from macro '__deprecated_msg'
  218 |         #define __deprecated_msg(_msg) __attribute__((__deprecated__(_msg)))
      |                                                       ^
1 warning generated.
  CXX(target) Release/obj.target/uws/src/HTTPSocket.o
In file included from ../src/HTTPSocket.cpp:1:
../src/HTTPSocket.h:207:63: warning: 'sprintf' is deprecated: This function is provided for compatibility reasons only.  Due to security concerns inherent in the design of sprintf(3), it is highly recommended that you use snprintf(3) instead. [-Wdeprecated-declarations]
  207 |                 int offset = transformData.hasHead ? 0 : std::sprintf(dst, "HTTP/1.1 200 OK\r\nContent-Length: %u\r\n\r\n", (unsigned int) length);
      |                                                               ^
/Applications/Xcode.app/Contents/Developer/Platforms/MacOSX.platform/Developer/SDKs/MacOSX.sdk/usr/include/_stdio.h:274:1: note: 'sprintf' has been explicitly marked deprecated here
  274 | __deprecated_msg("This function is provided for compatibility reasons only.  Due to security concerns inherent in the design of sprintf(3), it is highly recommended that you use snprintf(3) instead.")
      | ^
/Applications/Xcode.app/Contents/Developer/Platforms/MacOSX.platform/Developer/SDKs/MacOSX.sdk/usr/include/sys/cdefs.h:218:48: note: expanded from macro '__deprecated_msg'
  218 |         #define __deprecated_msg(_msg) __attribute__((__deprecated__(_msg)))
      |                                                       ^
1 warning generated.
  CXX(target) Release/obj.target/uws/src/Socket.o
  CXX(target) Release/obj.target/uws/src/addon.o
In file included from ../src/addon.cpp:1:
In file included from ../src/../src/uWS.h:4:
In file included from ../src/../src/Hub.h:4:
In file included from ../src/../src/Group.h:5:
../src/../src/HTTPSocket.h:207:63: warning: 'sprintf' is deprecated: This function is provided for compatibility reasons only.  Due to security concerns inherent in the design of sprintf(3), it is highly recommended that you use snprintf(3) instead. [-Wdeprecated-declarations]
  207 |                 int offset = transformData.hasHead ? 0 : std::sprintf(dst, "HTTP/1.1 200 OK\r\nContent-Length: %u\r\n\r\n", (unsigned int) length);
      |                                                               ^
/Applications/Xcode.app/Contents/Developer/Platforms/MacOSX.platform/Developer/SDKs/MacOSX.sdk/usr/include/_stdio.h:274:1: note: 'sprintf' has been explicitly marked deprecated here
  274 | __deprecated_msg("This function is provided for compatibility reasons only.  Due to security concerns inherent in the design of sprintf(3), it is highly recommended that you use snprintf(3) instead.")
      | ^
/Applications/Xcode.app/Contents/Developer/Platforms/MacOSX.platform/Developer/SDKs/MacOSX.sdk/usr/include/sys/cdefs.h:218:48: note: expanded from macro '__deprecated_msg'
  218 |         #define __deprecated_msg(_msg) __attribute__((__deprecated__(_msg)))
      |                                                       ^
In file included from ../src/addon.cpp:2:
In file included from ../src/addon.h:1:
In file included from /Users/yohei_tarutani/Library/Caches/node-gyp/20.17.0/include/node/node.h:73:
In file included from /Users/yohei_tarutani/Library/Caches/node-gyp/20.17.0/include/node/v8.h:24:
In file included from /Users/yohei_tarutani/Library/Caches/node-gyp/20.17.0/include/node/v8-array-buffer.h:12:
In file included from /Users/yohei_tarutani/Library/Caches/node-gyp/20.17.0/include/node/v8-local-handle.h:12:
/Users/yohei_tarutani/Library/Caches/node-gyp/20.17.0/include/node/v8-internal.h:465:30: warning: 'static_assert' with no message is a C++17 extension [-Wc++17-extensions]
  465 | SHARED_EXTERNAL_POINTER_TAGS(CHECK_SHARED_EXTERNAL_POINTER_TAGS)
      |                              ^
/Users/yohei_tarutani/Library/Caches/node-gyp/20.17.0/include/node/v8-internal.h:465:30: warning: 'static_assert' with no message is a C++17 extension [-Wc++17-extensions]
/Users/yohei_tarutani/Library/Caches/node-gyp/20.17.0/include/node/v8-internal.h:465:30: warning: 'static_assert' with no message is a C++17 extension [-Wc++17-extensions]
/Users/yohei_tarutani/Library/Caches/node-gyp/20.17.0/include/node/v8-internal.h:465:30: warning: 'static_assert' with no message is a C++17 extension [-Wc++17-extensions]
/Users/yohei_tarutani/Library/Caches/node-gyp/20.17.0/include/node/v8-internal.h:465:30: warning: 'static_assert' with no message is a C++17 extension [-Wc++17-extensions]
/Users/yohei_tarutani/Library/Caches/node-gyp/20.17.0/include/node/v8-internal.h:466:35: warning: 'static_assert' with no message is a C++17 extension [-Wc++17-extensions]
  466 | PER_ISOLATE_EXTERNAL_POINTER_TAGS(CHECK_NON_SHARED_EXTERNAL_POINTER_TAGS)
      |                                   ^
/Users/yohei_tarutani/Library/Caches/node-gyp/20.17.0/include/node/v8-internal.h:466:35: warning: 'static_assert' with no message is a C++17 extension [-Wc++17-extensions]
/Users/yohei_tarutani/Library/Caches/node-gyp/20.17.0/include/node/v8-internal.h:466:35: warning: 'static_assert' with no message is a C++17 extension [-Wc++17-extensions]
/Users/yohei_tarutani/Library/Caches/node-gyp/20.17.0/include/node/v8-internal.h:466:35: warning: 'static_assert' with no message is a C++17 extension [-Wc++17-extensions]
/Users/yohei_tarutani/Library/Caches/node-gyp/20.17.0/include/node/v8-internal.h:466:35: warning: 'static_assert' with no message is a C++17 extension [-Wc++17-extensions]
/Users/yohei_tarutani/Library/Caches/node-gyp/20.17.0/include/node/v8-internal.h:466:35: warning: 'static_assert' with no message is a C++17 extension [-Wc++17-extensions]
/Users/yohei_tarutani/Library/Caches/node-gyp/20.17.0/include/node/v8-internal.h:466:35: warning: 'static_assert' with no message is a C++17 extension [-Wc++17-extensions]
/Users/yohei_tarutani/Library/Caches/node-gyp/20.17.0/include/node/v8-internal.h:466:35: warning: 'static_assert' with no message is a C++17 extension [-Wc++17-extensions]
/Users/yohei_tarutani/Library/Caches/node-gyp/20.17.0/include/node/v8-internal.h:466:35: warning: 'static_assert' with no message is a C++17 extension [-Wc++17-extensions]
/Users/yohei_tarutani/Library/Caches/node-gyp/20.17.0/include/node/v8-internal.h:466:35: warning: 'static_assert' with no message is a C++17 extension [-Wc++17-extensions]
/Users/yohei_tarutani/Library/Caches/node-gyp/20.17.0/include/node/v8-internal.h:466:35: warning: 'static_assert' with no message is a C++17 extension [-Wc++17-extensions]
/Users/yohei_tarutani/Library/Caches/node-gyp/20.17.0/include/node/v8-internal.h:466:35: warning: 'static_assert' with no message is a C++17 extension [-Wc++17-extensions]
/Users/yohei_tarutani/Library/Caches/node-gyp/20.17.0/include/node/v8-internal.h:693:61: warning: 'static_assert' with no message is a C++17 extension [-Wc++17-extensions]
  693 |     static_assert(kJSObjectType + 1 == kFirstJSApiObjectType);
      |                                                             ^
      |                                                             , ""
/Users/yohei_tarutani/Library/Caches/node-gyp/20.17.0/include/node/v8-internal.h:694:55: warning: 'static_assert' with no message is a C++17 extension [-Wc++17-extensions]
  694 |     static_assert(kJSObjectType < kLastJSApiObjectType);
      |                                                       ^
      |                                                       , ""
/Users/yohei_tarutani/Library/Caches/node-gyp/20.17.0/include/node/v8-internal.h:695:63: warning: 'static_assert' with no message is a C++17 extension [-Wc++17-extensions]
  695 |     static_assert(kFirstJSApiObjectType < kLastJSApiObjectType);
      |                                                               ^
      |                                                               , ""
/Users/yohei_tarutani/Library/Caches/node-gyp/20.17.0/include/node/v8-internal.h:893:50: error: 'T' does not refer to a value
  893 |             !std::is_same<Data, std::remove_cv_t<T>>::value>::Perform(data);
      |                                                  ^
/Users/yohei_tarutani/Library/Caches/node-gyp/20.17.0/include/node/v8-internal.h:890:17: note: declared here
  890 | template <class T>
      |                 ^
/Users/yohei_tarutani/Library/Caches/node-gyp/20.17.0/include/node/v8-internal.h:893:38: error: no member named 'remove_cv_t' in namespace 'std'
  893 |             !std::is_same<Data, std::remove_cv_t<T>>::value>::Perform(data);
      |                                 ~~~~~^
/Users/yohei_tarutani/Library/Caches/node-gyp/20.17.0/include/node/v8-internal.h:893:52: error: expected '(' for function-style cast or type construction
  893 |             !std::is_same<Data, std::remove_cv_t<T>>::value>::Perform(data);
      |              ~~~~~~~~~~~~~~~~~~~~~~~~~~~~~~~~~~~~~~^
/Users/yohei_tarutani/Library/Caches/node-gyp/20.17.0/include/node/v8-internal.h:893:63: error: no member named 'Perform' in the global namespace
  893 |             !std::is_same<Data, std::remove_cv_t<T>>::value>::Perform(data);
      |                                                             ~~^
In file included from ../src/addon.cpp:2:
In file included from ../src/addon.h:1:
In file included from /Users/yohei_tarutani/Library/Caches/node-gyp/20.17.0/include/node/node.h:73:
In file included from /Users/yohei_tarutani/Library/Caches/node-gyp/20.17.0/include/node/v8.h:24:
In file included from /Users/yohei_tarutani/Library/Caches/node-gyp/20.17.0/include/node/v8-array-buffer.h:13:
In file included from /Users/yohei_tarutani/Library/Caches/node-gyp/20.17.0/include/node/v8-object.h:9:
/Users/yohei_tarutani/Library/Caches/node-gyp/20.17.0/include/node/v8-maybe.h:106:27: error: no template named 'enable_if_t' in namespace 'std'
  106 |   template <class U, std::enable_if_t<!std::is_lvalue_reference_v<U>>*>
      |                      ~~~~~^
/Users/yohei_tarutani/Library/Caches/node-gyp/20.17.0/include/node/v8-maybe.h:106:45: error: no template named 'is_lvalue_reference_v' in namespace 'std'; did you mean 'is_lvalue_reference'?
  106 |   template <class U, std::enable_if_t<!std::is_lvalue_reference_v<U>>*>
      |                                        ~~~~~^~~~~~~~~~~~~~~~~~~~~
      |                                             is_lvalue_reference
/Applications/Xcode.app/Contents/Developer/Platforms/MacOSX.platform/Developer/SDKs/MacOSX.sdk/usr/include/c++/v1/__type_traits/is_reference.h:24:29: note: 'is_lvalue_reference' declared here
   24 | struct _LIBCPP_TEMPLATE_VIS is_lvalue_reference : _BoolConstant<__is_lvalue_reference(_Tp)> {};
      |                             ^
In file included from ../src/addon.cpp:2:
In file included from ../src/addon.h:1:
In file included from /Users/yohei_tarutani/Library/Caches/node-gyp/20.17.0/include/node/node.h:73:
In file included from /Users/yohei_tarutani/Library/Caches/node-gyp/20.17.0/include/node/v8.h:24:
In file included from /Users/yohei_tarutani/Library/Caches/node-gyp/20.17.0/include/node/v8-array-buffer.h:13:
In file included from /Users/yohei_tarutani/Library/Caches/node-gyp/20.17.0/include/node/v8-object.h:9:
/Users/yohei_tarutani/Library/Caches/node-gyp/20.17.0/include/node/v8-maybe.h:106:69: error: expected '(' for function-style cast or type construction
  106 |   template <class U, std::enable_if_t<!std::is_lvalue_reference_v<U>>*>
      |                                        ~~~~~~~~~~~~~~~~~~~~~~~~~~~~~^
/Users/yohei_tarutani/Library/Caches/node-gyp/20.17.0/include/node/v8-maybe.h:123:25: error: no template named 'enable_if_t' in namespace 'std'
  123 | template <class T, std::enable_if_t<!std::is_lvalue_reference_v<T>>* = nullptr>
      |                    ~~~~~^
/Users/yohei_tarutani/Library/Caches/node-gyp/20.17.0/include/node/v8-maybe.h:123:43: error: no template named 'is_lvalue_reference_v' in namespace 'std'; did you mean 'is_lvalue_reference'?
  123 | template <class T, std::enable_if_t<!std::is_lvalue_reference_v<T>>* = nullptr>
      |                                      ~~~~~^~~~~~~~~~~~~~~~~~~~~
      |                                           is_lvalue_reference
/Applications/Xcode.app/Contents/Developer/Platforms/MacOSX.platform/Developer/SDKs/MacOSX.sdk/usr/include/c++/v1/__type_traits/is_reference.h:24:29: note: 'is_lvalue_reference' declared here
   24 | struct _LIBCPP_TEMPLATE_VIS is_lvalue_reference : _BoolConstant<__is_lvalue_reference(_Tp)> {};
      |                             ^
In file included from ../src/addon.cpp:2:
In file included from ../src/addon.h:1:
In file included from /Users/yohei_tarutani/Library/Caches/node-gyp/20.17.0/include/node/node.h:73:
In file included from /Users/yohei_tarutani/Library/Caches/node-gyp/20.17.0/include/node/v8.h:24:
In file included from /Users/yohei_tarutani/Library/Caches/node-gyp/20.17.0/include/node/v8-array-buffer.h:13:
In file included from /Users/yohei_tarutani/Library/Caches/node-gyp/20.17.0/include/node/v8-object.h:9:
/Users/yohei_tarutani/Library/Caches/node-gyp/20.17.0/include/node/v8-maybe.h:123:67: error: expected '(' for function-style cast or type construction
  123 | template <class T, std::enable_if_t<!std::is_lvalue_reference_v<T>>* = nullptr>
      |                                      ~~~~~~~~~~~~~~~~~~~~~~~~~~~~~^
In file included from ../src/addon.cpp:2:
In file included from ../src/addon.h:1:
In file included from /Users/yohei_tarutani/Library/Caches/node-gyp/20.17.0/include/node/node.h:73:
In file included from /Users/yohei_tarutani/Library/Caches/node-gyp/20.17.0/include/node/v8.h:33:
In file included from /Users/yohei_tarutani/Library/Caches/node-gyp/20.17.0/include/node/v8-function.h:11:
/Users/yohei_tarutani/Library/Caches/node-gyp/20.17.0/include/node/v8-function-callback.h:151:66: warning: 'static_assert' with no message is a C++17 extension [-Wc++17-extensions]
  151 |                 kReturnValueDefaultValueIndex - kReturnValueIndex);
      |                                                                  ^
      |                                                                  , ""
/Users/yohei_tarutani/Library/Caches/node-gyp/20.17.0/include/node/v8-function-callback.h:153:50: warning: 'static_assert' with no message is a C++17 extension [-Wc++17-extensions]
  153 |                 kIsolateIndex - kReturnValueIndex);
      |                                                  ^
      |                                                  , ""
In file included from ../src/addon.cpp:2:
In file included from ../src/addon.h:1:
/Users/yohei_tarutani/Library/Caches/node-gyp/20.17.0/include/node/node.h:696:8: error: no template named 'optional' in namespace 'std'
  696 |   std::optional<std::string> builder_script_path;
      |   ~~~~~^
In file included from ../src/addon.cpp:2:
../src/addon.h:21:15: warning: 'MakeCallback' is deprecated: Use MakeCallback(..., async_context) [-Wdeprecated-declarations]
   21 |         node::MakeCallback(isolate, isolate->GetCurrentContext()->Global(), Local<Function>::New(isolate, noop), 0, nullptr);
      |               ^
/Users/yohei_tarutani/Library/Caches/node-gyp/20.17.0/include/node/node.h:198:1: note: 'MakeCallback' has been explicitly marked deprecated here
  198 | NODE_DEPRECATED("Use MakeCallback(..., async_context)",
      | ^
/Users/yohei_tarutani/Library/Caches/node-gyp/20.17.0/include/node/node.h:116:20: note: expanded from macro 'NODE_DEPRECATED'
  116 |     __attribute__((deprecated(message))) declarator
      |                    ^
In file included from ../src/addon.cpp:2:
../src/addon.h:37:47: error: no matching constructor for initialization of 'String::Utf8Value'
   37 |             utf8Value = new (utf8ValueMemory) String::Utf8Value(value);
      |                                               ^                 ~~~~~
/Users/yohei_tarutani/Library/Caches/node-gyp/20.17.0/include/node/v8-primitive.h:526:5: note: candidate constructor not viable: no known conversion from 'const Local<Value>' to 'const Utf8Value' for 1st argument
  526 |     Utf8Value(const Utf8Value&) = delete;
      |     ^         ~~~~~~~~~~~~~~~~
/Users/yohei_tarutani/Library/Caches/node-gyp/20.17.0/include/node/v8-primitive.h:519:5: note: candidate constructor not viable: requires 2 arguments, but 1 was provided
  519 |     Utf8Value(Isolate* isolate, Local<v8::Value> obj);
      |     ^         ~~~~~~~~~~~~~~~~~~~~~~~~~~~~~~~~~~~~~~
In file included from ../src/addon.cpp:2:
../src/addon.h:45:13: error: no type named 'Contents' in 'v8::ArrayBuffer'; did you mean 'Context'?
   45 |             ArrayBuffer::Contents contents = arrayBufferView->Buffer()->GetContents();
      |             ^~~~~~~~~~~~~~~~~~~~~
      |             Context
/Users/yohei_tarutani/Library/Caches/node-gyp/20.17.0/include/node/v8-regexp.h:15:7: note: 'Context' declared here
   15 | class Context;
      |       ^
In file included from ../src/addon.cpp:2:
../src/addon.h:45:73: error: no member named 'GetContents' in 'v8::ArrayBuffer'
   45 |             ArrayBuffer::Contents contents = arrayBufferView->Buffer()->GetContents();
      |                                              ~~~~~~~~~~~~~~~~~~~~~~~~~~~^
../src/addon.h:50:13: error: no type named 'Contents' in 'v8::ArrayBuffer'; did you mean 'Context'?
   50 |             ArrayBuffer::Contents contents = arrayBuffer->GetContents();
      |             ^~~~~~~~~~~~~~~~~~~~~
      |             Context
/Users/yohei_tarutani/Library/Caches/node-gyp/20.17.0/include/node/v8-regexp.h:15:7: note: 'Context' declared here
   15 | class Context;
      |       ^
In file included from ../src/addon.cpp:2:
../src/addon.h:50:59: error: no member named 'GetContents' in 'v8::ArrayBuffer'
   50 |             ArrayBuffer::Contents contents = arrayBuffer->GetContents();
      |                                              ~~~~~~~~~~~~~^
../src/addon.h:79:83: error: too few arguments to function call, single argument 'context' was not specified
   79 |     uWS::Group<isServer> *group = hub.createGroup<isServer>(args[0]->IntegerValue(), args[1]->IntegerValue());
      |                                                             ~~~~~~~~~~~~~~~~~~~~~ ^
/Users/yohei_tarutani/Library/Caches/node-gyp/20.17.0/include/node/v8-value.h:423:40: note: 'IntegerValue' declared here
  423 |   V8_WARN_UNUSED_RESULT Maybe<int64_t> IntegerValue(
      |                                        ^
  424 |       Local<Context> context) const;
      |       ~~~~~~~~~~~~~~~~~~~~~~
In file included from ../src/addon.cpp:2:
../src/addon.h:79:108: error: too few arguments to function call, single argument 'context' was not specified
   79 |     uWS::Group<isServer> *group = hub.createGroup<isServer>(args[0]->IntegerValue(), args[1]->IntegerValue());
      |                                                                                      ~~~~~~~~~~~~~~~~~~~~~ ^
/Users/yohei_tarutani/Library/Caches/node-gyp/20.17.0/include/node/v8-value.h:423:40: note: 'IntegerValue' declared here
  423 |   V8_WARN_UNUSED_RESULT Maybe<int64_t> IntegerValue(
      |                                        ^
  424 |       Local<Context> context) const;
      |       ~~~~~~~~~~~~~~~~~~~~~~
In file included from ../src/addon.cpp:2:
../src/addon.h:102:59: error: no matching function for call to 'New'
  102 |     return opCode == uWS::OpCode::BINARY ? (Local<Value>) ArrayBuffer::New(isolate, (char *) message, length) : (Local<Value>) String::NewFromUtf8(isolate, message, String::kNormalString, length);
      |                                                           ^~~~~~~~~~~~~~~~
/Users/yohei_tarutani/Library/Caches/node-gyp/20.17.0/include/node/v8-array-buffer.h:219:29: note: candidate function not viable: requires 2 arguments, but 3 were provided
  219 |   static Local<ArrayBuffer> New(Isolate* isolate, size_t byte_length);
      |                             ^   ~~~~~~~~~~~~~~~~~~~~~~~~~~~~~~~~~~~~
/Users/yohei_tarutani/Library/Caches/node-gyp/20.17.0/include/node/v8-array-buffer.h:233:29: note: candidate function not viable: requires 2 arguments, but 3 were provided
  233 |   static Local<ArrayBuffer> New(Isolate* isolate,
      |                             ^   ~~~~~~~~~~~~~~~~~
  234 |                                 std::shared_ptr<BackingStore> backing_store);
      |                                 ~~~~~~~~~~~~~~~~~~~~~~~~~~~~~~~~~~~~~~~~~~~
fatal error: too many errors emitted, stopping now [-ferror-limit=]
24 warnings and 20 errors generated.
make: *** [Release/obj.target/uws/src/addon.o] Error 1
gyp ERR! build error 
gyp ERR! stack Error: `make` failed with exit code: 2
gyp ERR! stack at ChildProcess.<anonymous> (/Users/yohei_tarutani/.nvm/versions/node/v20.17.0/lib/node_modules/npm/node_modules/node-gyp/lib/build.js:209:23)
gyp ERR! System Darwin 24.2.0
gyp ERR! command "/Users/yohei_tarutani/.nvm/versions/node/v20.17.0/bin/node" "/Users/yohei_tarutani/.nvm/versions/node/v20.17.0/lib/node_modules/npm/node_modules/node-gyp/bin/node-gyp.js" "rebuild"
gyp ERR! cwd /Users/yohei_tarutani/Desktop/WesBos-JS30/21 - Geolocation/node_modules/uws
gyp ERR! node -v v20.17.0
gyp ERR! node-gyp -v v10.1.0
gyp ERR! not ok 
